<?xml version="1.0" encoding="UTF-8"?>
<!-- Generated by org.testng.reporters.JUnitReportReporter -->
<testsuite skipped="0" hostname="scomp16" name="com.automation.qa.testcases.LoginPageTest" tests="1" failures="0" timestamp="21 Feb 2019 15:44:33 GMT" time="27.360" errors="0">
  <testcase name="loginTest" time="27.360" classname="com.automation.qa.testcases.LoginPageTest"/>
</testsuite> <!-- com.automation.qa.testcases.LoginPageTest -->
