<?xml version="1.0" encoding="UTF-8"?>
<!-- Generated by org.testng.reporters.JUnitReportReporter -->
<testsuite skipped="0" hostname="prashant-OptiPlex-3046" name="com.automation.qa.testcases.LoginPageTest" tests="3" failures="0" timestamp="11 Mar 2019 09:42:56 GMT" time="15.661" errors="0">
  <testcase name="validateLoginPageTitleTest" time="5.599" classname="com.automation.qa.testcases.LoginPageTest"/>
  <testcase name="validateLaginPageLogoTest" time="3.388" classname="com.automation.qa.testcases.LoginPageTest"/>
  <testcase name="loginTest" time="6.674" classname="com.automation.qa.testcases.LoginPageTest"/>
</testsuite> <!-- com.automation.qa.testcases.LoginPageTest -->
