<?xml version="1.0" encoding="UTF-8"?>
<!-- Generated by org.testng.reporters.JUnitReportReporter -->
<testsuite skipped="0" hostname="scomp16" name="com.automation.qa.testcases.LoginPageTest" tests="3" failures="0" timestamp="22 Feb 2019 12:47:38 GMT" time="65.339" errors="0">
  <testcase name="validateLoginPageTitleTest" time="16.422" classname="com.automation.qa.testcases.LoginPageTest"/>
  <testcase name="validateLaginPageLogoTest" time="19.241" classname="com.automation.qa.testcases.LoginPageTest"/>
  <testcase name="loginTest" time="29.676" classname="com.automation.qa.testcases.LoginPageTest"/>
</testsuite> <!-- com.automation.qa.testcases.LoginPageTest -->
